<?xml version="1.0" encoding="UTF-8" ?>
<testsuite tests="5" failures="0" name="ec.edu.epn.git.control.ControlPeliculasTest" time="0.033" errors="0" skipped="0">
  <properties>
[...]
</properties>
  <testcase classname="ec.edu.epn.git.control.ControlPeliculasTest" name="testAddPelicula" time="0.028"/>
  <testcase classname="ec.edu.epn.git.control.ControlPeliculasTest" name="testFindPeliculaById" time="0.004"/>
  <testcase classname="ec.edu.epn.git.control.ControlPeliculasTest" name="testFindAllPeliculas" time="0.001"/>
  <testcase classname="ec.edu.epn.git.control.ControlPeliculasTest" name="testUpdatePelicula" time="0"/>
  <testcase classname="ec.edu.epn.git.control.ControlPeliculasTest" name="testDeletePelicula" time="0"/>
</testsuite>